TN:
SF:src/app.ts
FN:27,(anonymous_1)
FN:32,(anonymous_2)
FN:34,(anonymous_3)
FN:44,(anonymous_4)
FN:50,(anonymous_5)
FNF:5
FNH:0
FNDA:0,(anonymous_1)
FNDA:0,(anonymous_2)
FNDA:0,(anonymous_3)
FNDA:0,(anonymous_4)
FNDA:0,(anonymous_5)
DA:1,0
DA:2,0
DA:3,0
DA:4,0
DA:5,0
DA:6,0
DA:7,0
DA:8,0
DA:11,0
DA:14,0
DA:15,0
DA:20,0
DA:23,0
DA:24,0
DA:27,0
DA:28,0
DA:32,0
DA:33,0
DA:34,0
DA:35,0
DA:38,0
DA:39,0
DA:44,0
DA:45,0
DA:46,0
DA:50,0
DA:51,0
DA:52,0
DA:55,0
LF:29
LH:0
BRF:0
BRH:0
end_of_record
TN:
SF:src/__tests__/utils/testDb.ts
FN:11,(anonymous_0)
FN:52,(anonymous_1)
FN:58,(anonymous_2)
FN:66,(anonymous_3)
FNF:4
FNH:2
FNDA:3,(anonymous_0)
FNDA:3,(anonymous_1)
FNDA:0,(anonymous_2)
FNDA:0,(anonymous_3)
DA:1,3
DA:2,3
DA:6,3
DA:11,3
DA:12,3
DA:14,3
DA:22,3
DA:31,3
DA:34,3
DA:38,3
DA:39,12
DA:40,9
DA:45,3
DA:47,0
DA:48,0
DA:52,3
DA:53,3
DA:54,3
DA:58,3
DA:59,0
DA:60,0
DA:62,0
DA:66,3
DA:67,0
DA:68,0
DA:71,0
DA:74,0
DA:75,0
DA:76,0
LF:29
LH:18
BRDA:6,0,0,3
BRDA:6,0,1,0
BRDA:39,1,0,9
BRDA:53,2,0,3
BRDA:59,3,0,0
BRDA:67,4,0,0
BRDA:75,5,0,0
BRF:7
BRH:3
end_of_record
TN:
SF:src/config/database.ts
FN:15,(anonymous_1)
FN:20,(anonymous_2)
FN:27,(anonymous_3)
FN:27,(anonymous_4)
FN:29,(anonymous_5)
FNF:5
FNH:0
FNDA:0,(anonymous_1)
FNDA:0,(anonymous_2)
FNDA:0,(anonymous_3)
FNDA:0,(anonymous_4)
FNDA:0,(anonymous_5)
DA:1,0
DA:2,0
DA:5,0
DA:15,0
DA:16,0
DA:17,0
DA:20,0
DA:21,0
DA:24,0
DA:25,0
DA:27,0
DA:29,0
DA:30,0
DA:31,0
DA:32,0
DA:35,0
DA:36,0
DA:39,0
DA:40,0
DA:42,0
DA:44,0
DA:46,0
DA:47,0
DA:48,0
DA:49,0
DA:52,0
DA:53,0
DA:57,0
LF:28
LH:0
BRDA:29,0,0,0
BRDA:46,1,0,0
BRF:2
BRH:0
end_of_record
TN:
SF:src/config/index.ts
FN:25,(anonymous_1)
FNF:1
FNH:0
FNDA:0,(anonymous_1)
DA:1,0
DA:2,0
DA:5,0
DA:7,0
DA:23,0
DA:25,0
DA:26,0
DA:27,0
DA:28,0
DA:31,0
LF:10
LH:0
BRDA:9,0,0,0
BRDA:9,0,1,0
BRDA:10,1,0,0
BRDA:10,1,1,0
BRDA:13,2,0,0
BRDA:13,2,1,0
BRDA:16,3,0,0
BRDA:16,3,1,0
BRDA:17,4,0,0
BRDA:17,4,1,0
BRDA:18,5,0,0
BRDA:18,5,1,0
BRDA:26,6,0,0
BRF:13
BRH:0
end_of_record
TN:
SF:src/controllers/mcpController.ts
FN:5,(anonymous_1)
FN:13,(anonymous_2)
FNF:2
FNH:2
FNDA:2,(anonymous_1)
FNDA:3,(anonymous_2)
DA:2,1
DA:3,1
DA:5,1
DA:6,2
DA:7,2
DA:13,1
DA:14,3
DA:15,3
DA:16,3
DA:18,3
DA:19,1
DA:22,2
DA:23,2
DA:24,0
DA:27,2
DA:28,2
DA:30,1
DA:35,2
DA:36,2
LF:19
LH:18
BRDA:18,0,0,1
BRDA:23,1,0,0
BRDA:38,2,0,2
BRDA:38,2,1,0
BRF:4
BRH:2
end_of_record
TN:
SF:src/middleware/errorHandler.ts
FN:9,(anonymous_1)
FN:19,(anonymous_2)
FNF:2
FNH:0
FNDA:0,(anonymous_1)
FNDA:0,(anonymous_2)
DA:2,0
DA:4,0
DA:10,0
DA:11,0
DA:12,0
DA:13,0
DA:15,0
DA:19,0
DA:26,0
DA:27,0
DA:33,0
DA:40,0
DA:46,0
LF:13
LH:0
BRDA:12,0,0,0
BRDA:12,0,1,0
BRDA:26,1,0,0
BRF:3
BRH:0
end_of_record
TN:
SF:src/middleware/mcpValidator.ts
FN:5,(anonymous_1)
FN:49,(anonymous_2)
FNF:2
FNH:2
FNDA:6,(anonymous_1)
FNDA:3,(anonymous_2)
DA:2,1
DA:3,1
DA:5,1
DA:6,6
DA:9,6
DA:10,1
DA:14,1
DA:17,5
DA:20,5
DA:21,1
DA:25,1
DA:29,4
DA:30,4
DA:31,1
DA:35,1
DA:39,3
DA:40,0
DA:44,0
DA:48,3
DA:49,3
DA:50,3
DA:51,1
DA:55,1
DA:59,2
DA:64,2
DA:65,2
LF:26
LH:24
BRDA:9,0,0,1
BRDA:9,1,0,6
BRDA:9,1,1,5
BRDA:20,2,0,1
BRDA:20,3,0,5
BRDA:20,3,1,4
BRDA:30,4,0,1
BRDA:39,5,0,0
BRDA:39,6,0,3
BRDA:39,6,1,3
BRDA:48,7,0,3
BRDA:48,7,1,0
BRDA:50,8,0,1
BRF:13
BRH:11
end_of_record
TN:
SF:src/routes/health.ts
FN:6,(anonymous_1)
FNF:1
FNH:0
FNDA:0,(anonymous_1)
DA:1,0
DA:2,0
DA:4,0
DA:6,0
DA:7,0
DA:8,0
DA:15,0
LF:7
LH:0
BRF:0
BRH:0
end_of_record
TN:
SF:src/routes/mcp.ts
FNF:0
FNH:0
DA:1,0
DA:2,0
DA:3,0
DA:5,0
DA:8,0
DA:11,0
DA:13,0
LF:7
LH:0
BRF:0
BRH:0
end_of_record
TN:
SF:src/services/chunk.service.ts
FN:9,(anonymous_1)
FN:27,(anonymous_2)
FN:29,(anonymous_3)
FN:31,(anonymous_4)
FN:47,(anonymous_5)
FN:79,(anonymous_6)
FN:95,(anonymous_7)
FNF:7
FNH:0
FNDA:0,(anonymous_1)
FNDA:0,(anonymous_2)
FNDA:0,(anonymous_3)
FNDA:0,(anonymous_4)
FNDA:0,(anonymous_5)
FNDA:0,(anonymous_6)
FNDA:0,(anonymous_7)
DA:1,0
DA:3,0
DA:5,0
DA:10,0
DA:11,0
DA:17,0
DA:19,0
DA:20,0
DA:28,0
DA:29,0
DA:30,0
DA:31,0
DA:37,0
DA:39,0
DA:40,0
DA:48,0
DA:60,0
DA:69,0
DA:71,0
DA:72,0
DA:80,0
DA:81,0
DA:85,0
DA:87,0
DA:88,0
DA:96,0
DA:97,0
DA:103,0
DA:104,0
LF:29
LH:0
BRDA:47,0,0,0
BRF:1
BRH:0
end_of_record
TN:
SF:src/services/document.service.ts
FN:9,(anonymous_1)
FN:27,(anonymous_2)
FN:46,(anonymous_3)
FN:64,(anonymous_4)
FN:83,(anonymous_5)
FNF:5
FNH:0
FNDA:0,(anonymous_1)
FNDA:0,(anonymous_2)
FNDA:0,(anonymous_3)
FNDA:0,(anonymous_4)
FNDA:0,(anonymous_5)
DA:1,0
DA:3,0
DA:5,0
DA:10,0
DA:11,0
DA:17,0
DA:19,0
DA:20,0
DA:28,0
DA:29,0
DA:36,0
DA:38,0
DA:39,0
DA:47,0
DA:48,0
DA:54,0
DA:56,0
DA:57,0
DA:65,0
DA:66,0
DA:73,0
DA:75,0
DA:76,0
DA:84,0
DA:85,0
DA:88,0
DA:90,0
DA:91,0
LF:28
LH:0
BRF:0
BRH:0
end_of_record
TN:
SF:src/services/job.service.ts
FN:9,(anonymous_1)
FN:24,(anonymous_2)
FN:39,(anonymous_3)
FN:55,(anonymous_4)
FN:75,(anonymous_5)
FN:95,(anonymous_6)
FN:113,(anonymous_7)
FNF:7
FNH:0
FNDA:0,(anonymous_1)
FNDA:0,(anonymous_2)
FNDA:0,(anonymous_3)
FNDA:0,(anonymous_4)
FNDA:0,(anonymous_5)
FNDA:0,(anonymous_6)
FNDA:0,(anonymous_7)
DA:1,0
DA:3,0
DA:5,0
DA:10,0
DA:11,0
DA:14,0
DA:16,0
DA:17,0
DA:25,0
DA:26,0
DA:29,0
DA:31,0
DA:32,0
DA:40,0
DA:41,0
DA:45,0
DA:47,0
DA:48,0
DA:56,0
DA:57,0
DA:65,0
DA:67,0
DA:68,0
DA:76,0
DA:77,0
DA:85,0
DA:87,0
DA:88,0
DA:96,0
DA:97,0
DA:103,0
DA:105,0
DA:106,0
DA:114,0
DA:115,0
DA:118,0
DA:120,0
DA:121,0
LF:38
LH:0
BRDA:62,0,0,0
BRDA:62,0,1,0
BRDA:62,1,0,0
BRDA:62,1,1,0
BRF:4
BRH:0
end_of_record
TN:
SF:src/types/mcp.ts
FN:43,(anonymous_0)
FN:47,(anonymous_1)
FN:51,(anonymous_2)
FN:52,(anonymous_3)
FNF:4
FNH:4
FNDA:15,(anonymous_0)
FNDA:9,(anonymous_1)
FNDA:3,(anonymous_2)
FNDA:2,(anonymous_3)
DA:40,3
DA:41,3
DA:44,15
DA:48,9
DA:52,3
LF:5
LH:5
BRF:0
BRH:0
end_of_record
TN:
SF:src/utils/logger.ts
FNF:0
FNH:0
DA:1,2
DA:3,2
DA:19,2
LF:3
LH:3
BRDA:4,0,0,2
BRDA:4,0,1,0
BRF:2
BRH:1
end_of_record
